<?xml version="1.0" encoding="UTF-8"?>
<!-- Generated by org.testng.reporters.JUnitXMLReporter -->
<testsuite hostname="MAINHOMEPC" name="Default test" tests="3" failures="0" timestamp="6 Apr 2016 18:23:18 GMT" time="18.639" errors="0">
  <testcase name="LoginApp" time="6.652" classname="PageObjectTest.LoginTest"/>
  <testcase name="noPasswordLoginApp" time="5.904" classname="PageObjectTest.LoginTest"/>
  <testcase name="unsuccessfulLoginApp" time="5.019" classname="PageObjectTest.LoginTest"/>
</testsuite> <!-- Default test -->
