<?xml version="1.0" encoding="UTF-8"?>
<!-- Generated by org.testng.reporters.JUnitXMLReporter -->
<testsuite hostname="MAINHOMEPC" name="Default test" tests="3" failures="0" timestamp="17 Apr 2016 23:58:06 GMT" time="19.8" errors="0">
  <testcase name="LoginApp" time="6.507" classname="PageObjectTest.LoginTest"/>
  <testcase name="bookFlight" time="6.815" classname="PageObjectTest.LoginTest"/>
  <testcase name="unsuccessfulLoginApp" time="5.318" classname="PageObjectTest.LoginTest"/>
</testsuite> <!-- Default test -->
