<?xml version="1.0" encoding="UTF-8"?>
<!-- Generated by org.testng.reporters.JUnitXMLReporter -->
<testsuite hostname="MAINHOMEPC" name="Smoke Testcases" tests="14" failures="0" timestamp="25 Mar 2016 22:53:02 GMT" time="12.402" errors="0">
  <testcase name="LoginApp" time="6.569" classname="PageObjectTest.LoginTest"/>
  <testcase name="userLoginApp" time="5.068" classname="PageObjectTest.LoginTest"/>
  <testcase name="closingBrowser" time="0.0" classname="DataDriven.Annotations"/>
  <testcase name="flightBooking" time="0.0" classname="DataDriven.Annotations"/>
  <testcase name="openingBrowser" time="0.0" classname="DataDriven.Annotations"/>
  <testcase name="userIdGeneration" time="0.0" classname="DataDriven.DataInput"/>
  <testcase name="userIdGeneration" time="0.001" classname="DataDriven.DataInput"/>
  <testcase name="userIdGeneration" time="0.001" classname="DataDriven.DataInput"/>
  <testcase name="testCase1" time="0.0" classname="TestNgFiles.Annotations"/>
  <testcase name="testCase2" time="0.0" classname="TestNgFiles.Annotations"/>
  <testcase name="flightBooking" time="0.001" classname="DataDriven.ParameterizedTest1"/>
  <testcase name="parameterTest" time="0.0" classname="DataDriven.ParameterizedTest1">
    <skipped/>
  </testcase> <!-- parameterTest -->
  <testcase name="openingBrowser" time="0.0" classname="TestNgFiles.DependencyAnnot"/>
  <testcase name="flightBooking" time="0.0" classname="TestNgFiles.DependencyAnnot"/>
</testsuite> <!-- Smoke Testcases -->
