<?xml version="1.0" encoding="UTF-8"?>
<testng-results skipped="0" failed="0" total="3" passed="3">
  <reporter-output>
  </reporter-output>
  <suite name="Default suite" duration-ms="19800" started-at="2016-04-17T23:57:46Z" finished-at="2016-04-17T23:58:06Z">
    <groups>
    </groups>
    <test name="Default test" duration-ms="19800" started-at="2016-04-17T23:57:46Z" finished-at="2016-04-17T23:58:06Z">
      <class name="PageObjectTest.LoginTest">
        <test-method status="PASS" signature="LoginApp()[pri:0, instance:PageObjectTest.LoginTest@675d3402]" name="LoginApp" duration-ms="6507" started-at="2016-04-17T19:57:46Z" finished-at="2016-04-17T19:57:53Z">
          <reporter-output>
          </reporter-output>
        </test-method> <!-- LoginApp -->
        <test-method status="PASS" signature="tearDown()[pri:0, instance:PageObjectTest.LoginTest@675d3402]" name="tearDown" is-config="true" duration-ms="433" started-at="2016-04-17T19:57:53Z" finished-at="2016-04-17T19:57:53Z">
          <reporter-output>
          </reporter-output>
        </test-method> <!-- tearDown -->
        <test-method status="PASS" signature="bookFlight()[pri:0, instance:PageObjectTest.LoginTest@675d3402]" name="bookFlight" duration-ms="6815" started-at="2016-04-17T19:57:53Z" finished-at="2016-04-17T19:58:00Z">
          <reporter-output>
          </reporter-output>
        </test-method> <!-- bookFlight -->
        <test-method status="PASS" signature="tearDown()[pri:0, instance:PageObjectTest.LoginTest@675d3402]" name="tearDown" is-config="true" duration-ms="361" started-at="2016-04-17T19:58:00Z" finished-at="2016-04-17T19:58:01Z">
          <reporter-output>
          </reporter-output>
        </test-method> <!-- tearDown -->
        <test-method status="PASS" signature="unsuccessfulLoginApp()[pri:0, instance:PageObjectTest.LoginTest@675d3402]" name="unsuccessfulLoginApp" duration-ms="5318" started-at="2016-04-17T19:58:01Z" finished-at="2016-04-17T19:58:06Z">
          <reporter-output>
          </reporter-output>
        </test-method> <!-- unsuccessfulLoginApp -->
        <test-method status="PASS" signature="tearDown()[pri:0, instance:PageObjectTest.LoginTest@675d3402]" name="tearDown" is-config="true" duration-ms="349" started-at="2016-04-17T19:58:06Z" finished-at="2016-04-17T19:58:06Z">
          <reporter-output>
          </reporter-output>
        </test-method> <!-- tearDown -->
      </class> <!-- PageObjectTest.LoginTest -->
    </test> <!-- Default test -->
  </suite> <!-- Default suite -->
</testng-results>
