<?xml version="1.0" encoding="UTF-8"?>
<!-- Generated by org.testng.reporters.JUnitXMLReporter -->
<testsuite hostname="MAINHOMEPC" name="Smoke Testcases" tests="14" failures="0" timestamp="26 Mar 2016 16:53:40 GMT" time="12.262" errors="0">
  <testcase name="closingBrowser" time="0.0" classname="DataDriven.Annotations"/>
  <testcase name="LoginApp" time="6.193" classname="PageObjectTest.LoginTest"/>
  <testcase name="flightBooking" time="0.0" classname="DataDriven.Annotations"/>
  <testcase name="openingBrowser" time="0.0" classname="DataDriven.Annotations"/>
  <testcase name="userLoginApp" time="5.361" classname="PageObjectTest.LoginTest"/>
  <testcase name="userIdGeneration" time="0.0" classname="DataDriven.DataInput"/>
  <testcase name="userIdGeneration" time="0.0" classname="DataDriven.DataInput"/>
  <testcase name="userIdGeneration" time="0.0" classname="DataDriven.DataInput"/>
  <testcase name="testCase2" time="0.0" classname="TestNgFiles.Annotations"/>
  <testcase name="testCase1" time="0.0" classname="TestNgFiles.Annotations"/>
  <testcase name="parameterTest" time="0.001" classname="DataDriven.ParameterizedTest1"/>
  <testcase name="flightBooking" time="0.0" classname="DataDriven.ParameterizedTest1"/>
  <testcase name="openingBrowser" time="0.0" classname="TestNgFiles.DependencyAnnot"/>
  <testcase name="flightBooking" time="0.0" classname="TestNgFiles.DependencyAnnot"/>
</testsuite> <!-- Smoke Testcases -->
