<?xml version="1.0" encoding="UTF-8"?>
<!-- Generated by org.testng.reporters.JUnitXMLReporter -->
<testsuite hostname="MAINHOMEPC" name="Smoke Testcases" tests="15" failures="0" timestamp="18 Apr 2016 00:00:22 GMT" time="19.347" errors="0">
  <testcase name="bookFlight" time="7.331" classname="PageObjectTest.LoginTest"/>
  <testcase name="flightBooking" time="0.0" classname="DataDriven.Annotations"/>
  <testcase name="openingBrowser" time="0.001" classname="DataDriven.Annotations"/>
  <testcase name="unsuccessfulLoginApp" time="4.877" classname="PageObjectTest.LoginTest"/>
  <testcase name="closingBrowser" time="0.001" classname="DataDriven.Annotations"/>
  <testcase name="LoginApp" time="5.949" classname="PageObjectTest.LoginTest"/>
  <testcase name="userIdGeneration" time="0.0" classname="DataDriven.DataInput"/>
  <testcase name="userIdGeneration" time="0.0" classname="DataDriven.DataInput"/>
  <testcase name="userIdGeneration" time="0.0" classname="DataDriven.DataInput"/>
  <testcase name="testCase2" time="0.0" classname="TestNgFiles.Annotations"/>
  <testcase name="testCase1" time="0.0" classname="TestNgFiles.Annotations"/>
  <testcase name="parameterTest" time="0.0" classname="DataDriven.ParameterizedTest1"/>
  <testcase name="flightBooking" time="0.0" classname="DataDriven.ParameterizedTest1"/>
  <testcase name="openingBrowser" time="0.0" classname="TestNgFiles.DependencyAnnot"/>
  <testcase name="flightBooking" time="0.0" classname="TestNgFiles.DependencyAnnot"/>
</testsuite> <!-- Smoke Testcases -->
